CompleteGetter Ver3.30〜
C:\Users\yudon\OneDrive\デスクトップ\ComGetter64\新規ページ.files\
index.html
http://aiwolf.org/contest/
index.html#DefIndexNoName
279297
0
510
--- Dummy -------------------------------
C:\Users\yudon\OneDrive\デスクトップ\ComGetter64\新規ページ.files\css\result.css
http://aiwolf.org/contest/css/result.css
1
868
C:\Users\yudon\OneDrive\デスクトップ\ComGetter64\新規ページ.files\201906230000.html
http://aiwolf.org/contest/201906230000.html
0
9519
C:\Users\yudon\OneDrive\デスクトップ\ComGetter64\新規ページ.files\201906230300.html
http://aiwolf.org/contest/201906230300.html
0
9409
C:\Users\yudon\OneDrive\デスクトップ\ComGetter64\新規ページ.files\201906220000.html
http://aiwolf.org/contest/201906220000.html
0
9369
C:\Users\yudon\OneDrive\デスクトップ\ComGetter64\新規ページ.files\201906220300.html
http://aiwolf.org/contest/201906220300.html
0
9520
C:\Users\yudon\OneDrive\デスクトップ\ComGetter64\新規ページ.files\201906220500.html
http://aiwolf.org/contest/201906220500.html
0
9622
C:\Users\yudon\OneDrive\デスクトップ\ComGetter64\新規ページ.files\201906220900.html
http://aiwolf.org/contest/201906220900.html
0
9519
C:\Users\yudon\OneDrive\デスクトップ\ComGetter64\新規ページ.files\201906221100.html
http://aiwolf.org/contest/201906221100.html
0
9629
C:\Users\yudon\OneDrive\デスクトップ\ComGetter64\新規ページ.files\201906221200.html
http://aiwolf.org/contest/201906221200.html
0
9629
C:\Users\yudon\OneDrive\デスクトップ\ComGetter64\新規ページ.files\201906221500.html
http://aiwolf.org/contest/201906221500.html
0
9519
C:\Users\yudon\OneDrive\デスクトップ\ComGetter64\新規ページ.files\201906221700.html
http://aiwolf.org/contest/201906221700.html
0
9519
C:\Users\yudon\OneDrive\デスクトップ\ComGetter64\新規ページ.files\201906222100.html
http://aiwolf.org/contest/201906222100.html
0
9629
C:\Users\yudon\OneDrive\デスクトップ\ComGetter64\新規ページ.files\201906222300.html
http://aiwolf.org/contest/201906222300.html
0
9519
C:\Users\yudon\OneDrive\デスクトップ\ComGetter64\新規ページ.files\201906210000.html
http://aiwolf.org/contest/201906210000.html
0
9612
C:\Users\yudon\OneDrive\デスクトップ\ComGetter64\新規ページ.files\201906210300.html
http://aiwolf.org/contest/201906210300.html
0
9612
C:\Users\yudon\OneDrive\デスクトップ\ComGetter64\新規ページ.files\201906210500.html
http://aiwolf.org/contest/201906210500.html
0
9286
C:\Users\yudon\OneDrive\デスクトップ\ComGetter64\新規ページ.files\201906210900.html
http://aiwolf.org/contest/201906210900.html
0
9523
C:\Users\yudon\OneDrive\デスクトップ\ComGetter64\新規ページ.files\201906211100.html
http://aiwolf.org/contest/201906211100.html
0
9523
C:\Users\yudon\OneDrive\デスクトップ\ComGetter64\新規ページ.files\201906211200.html
http://aiwolf.org/contest/201906211200.html
0
9523
C:\Users\yudon\OneDrive\デスクトップ\ComGetter64\新規ページ.files\201906211500.html
http://aiwolf.org/contest/201906211500.html
0
9633
C:\Users\yudon\OneDrive\デスクトップ\ComGetter64\新規ページ.files\201906211700.html
http://aiwolf.org/contest/201906211700.html
0
9505
C:\Users\yudon\OneDrive\デスクトップ\ComGetter64\新規ページ.files\201906212100.html
http://aiwolf.org/contest/201906212100.html
0
9513
C:\Users\yudon\OneDrive\デスクトップ\ComGetter64\新規ページ.files\201906212300.html
http://aiwolf.org/contest/201906212300.html
0
9259
C:\Users\yudon\OneDrive\デスクトップ\ComGetter64\新規ページ.files\201906200000.html
http://aiwolf.org/contest/201906200000.html
0
9344
C:\Users\yudon\OneDrive\デスクトップ\ComGetter64\新規ページ.files\201906200300.html
http://aiwolf.org/contest/201906200300.html
0
9344
C:\Users\yudon\OneDrive\デスクトップ\ComGetter64\新規ページ.files\201906200500.html
http://aiwolf.org/contest/201906200500.html
0
9344
C:\Users\yudon\OneDrive\デスクトップ\ComGetter64\新規ページ.files\201906200900.html
http://aiwolf.org/contest/201906200900.html
0
9344
C:\Users\yudon\OneDrive\デスクトップ\ComGetter64\新規ページ.files\201906201100.html
http://aiwolf.org/contest/201906201100.html
0
9471
C:\Users\yudon\OneDrive\デスクトップ\ComGetter64\新規ページ.files\201906201200.html
http://aiwolf.org/contest/201906201200.html
0
9498
C:\Users\yudon\OneDrive\デスクトップ\ComGetter64\新規ページ.files\201906201500.html
http://aiwolf.org/contest/201906201500.html
0
9498
C:\Users\yudon\OneDrive\デスクトップ\ComGetter64\新規ページ.files\201906201700.html
http://aiwolf.org/contest/201906201700.html
0
9373
C:\Users\yudon\OneDrive\デスクトップ\ComGetter64\新規ページ.files\201906202100.html
http://aiwolf.org/contest/201906202100.html
0
9612
C:\Users\yudon\OneDrive\デスクトップ\ComGetter64\新規ページ.files\201906202300.html
http://aiwolf.org/contest/201906202300.html
0
9501
C:\Users\yudon\OneDrive\デスクトップ\ComGetter64\新規ページ.files\201906190000.html
http://aiwolf.org/contest/201906190000.html
0
9315
C:\Users\yudon\OneDrive\デスクトップ\ComGetter64\新規ページ.files\201906190300.html
http://aiwolf.org/contest/201906190300.html
0
9315
C:\Users\yudon\OneDrive\デスクトップ\ComGetter64\新規ページ.files\201906190500.html
http://aiwolf.org/contest/201906190500.html
0
9315
C:\Users\yudon\OneDrive\デスクトップ\ComGetter64\新規ページ.files\201906190900.html
http://aiwolf.org/contest/201906190900.html
0
9315
C:\Users\yudon\OneDrive\デスクトップ\ComGetter64\新規ページ.files\201906191100.html
http://aiwolf.org/contest/201906191100.html
0
9315
C:\Users\yudon\OneDrive\デスクトップ\ComGetter64\新規ページ.files\201906191200.html
http://aiwolf.org/contest/201906191200.html
0
7232
C:\Users\yudon\OneDrive\デスクトップ\ComGetter64\新規ページ.files\201906191500.html
http://aiwolf.org/contest/201906191500.html
0
9344
C:\Users\yudon\OneDrive\デスクトップ\ComGetter64\新規ページ.files\201906191700.html
http://aiwolf.org/contest/201906191700.html
0
9344
C:\Users\yudon\OneDrive\デスクトップ\ComGetter64\新規ページ.files\201906192100.html
http://aiwolf.org/contest/201906192100.html
0
9344
C:\Users\yudon\OneDrive\デスクトップ\ComGetter64\新規ページ.files\201906192300.html
http://aiwolf.org/contest/201906192300.html
0
9344
C:\Users\yudon\OneDrive\デスクトップ\ComGetter64\新規ページ.files\201906180000.html
http://aiwolf.org/contest/201906180000.html
0
9335
C:\Users\yudon\OneDrive\デスクトップ\ComGetter64\新規ページ.files\201906180300.html
http://aiwolf.org/contest/201906180300.html
0
9225
C:\Users\yudon\OneDrive\デスクトップ\ComGetter64\新規ページ.files\201906180500.html
http://aiwolf.org/contest/201906180500.html
0
9336
C:\Users\yudon\OneDrive\デスクトップ\ComGetter64\新規ページ.files\201906180900.html
http://aiwolf.org/contest/201906180900.html
0
9336
C:\Users\yudon\OneDrive\デスクトップ\ComGetter64\新規ページ.files\201906181100.html
http://aiwolf.org/contest/201906181100.html
0
9319
C:\Users\yudon\OneDrive\デスクトップ\ComGetter64\新規ページ.files\201906181200.html
http://aiwolf.org/contest/201906181200.html
0
9319
C:\Users\yudon\OneDrive\デスクトップ\ComGetter64\新規ページ.files\201906181500.html
http://aiwolf.org/contest/201906181500.html
0
9319
C:\Users\yudon\OneDrive\デスクトップ\ComGetter64\新規ページ.files\201906181700.html
http://aiwolf.org/contest/201906181700.html
0
9301
C:\Users\yudon\OneDrive\デスクトップ\ComGetter64\新規ページ.files\201906182100.html
http://aiwolf.org/contest/201906182100.html
0
9315
C:\Users\yudon\OneDrive\デスクトップ\ComGetter64\新規ページ.files\201906182300.html
http://aiwolf.org/contest/201906182300.html
0
9315
C:\Users\yudon\OneDrive\デスクトップ\ComGetter64\新規ページ.files\201906170000.html
http://aiwolf.org/contest/201906170000.html
0
9073
C:\Users\yudon\OneDrive\デスクトップ\ComGetter64\新規ページ.files\201906170300.html
http://aiwolf.org/contest/201906170300.html
0
8963
C:\Users\yudon\OneDrive\デスクトップ\ComGetter64\新規ページ.files\201906170500.html
http://aiwolf.org/contest/201906170500.html
0
9073
C:\Users\yudon\OneDrive\デスクトップ\ComGetter64\新規ページ.files\201906170900.html
http://aiwolf.org/contest/201906170900.html
0
9073
C:\Users\yudon\OneDrive\デスクトップ\ComGetter64\新規ページ.files\201906171100.html
http://aiwolf.org/contest/201906171100.html
0
6339
C:\Users\yudon\OneDrive\デスクトップ\ComGetter64\新規ページ.files\201906171200.html
http://aiwolf.org/contest/201906171200.html
0
9438
C:\Users\yudon\OneDrive\デスクトップ\ComGetter64\新規ページ.files\201906171500.html
http://aiwolf.org/contest/201906171500.html
0
9328
C:\Users\yudon\OneDrive\デスクトップ\ComGetter64\新規ページ.files\201906171700.html
http://aiwolf.org/contest/201906171700.html
0
9317
C:\Users\yudon\OneDrive\デスクトップ\ComGetter64\新規ページ.files\201906172100.html
http://aiwolf.org/contest/201906172100.html
0
9335
C:\Users\yudon\OneDrive\デスクトップ\ComGetter64\新規ページ.files\201906172300.html
http://aiwolf.org/contest/201906172300.html
0
9335
C:\Users\yudon\OneDrive\デスクトップ\ComGetter64\新規ページ.files\201906160000.html
http://aiwolf.org/contest/201906160000.html
0
9094
C:\Users\yudon\OneDrive\デスクトップ\ComGetter64\新規ページ.files\201906160300.html
http://aiwolf.org/contest/201906160300.html
0
9094
C:\Users\yudon\OneDrive\デスクトップ\ComGetter64\新規ページ.files\201906160500.html
http://aiwolf.org/contest/201906160500.html
0
9061
C:\Users\yudon\OneDrive\デスクトップ\ComGetter64\新規ページ.files\201906160900.html
http://aiwolf.org/contest/201906160900.html
0
9072
C:\Users\yudon\OneDrive\デスクトップ\ComGetter64\新規ページ.files\201906161100.html
http://aiwolf.org/contest/201906161100.html
0
9072
C:\Users\yudon\OneDrive\デスクトップ\ComGetter64\新規ページ.files\201906161200.html
http://aiwolf.org/contest/201906161200.html
0
8962
C:\Users\yudon\OneDrive\デスクトップ\ComGetter64\新規ページ.files\201906161500.html
http://aiwolf.org/contest/201906161500.html
0
8962
C:\Users\yudon\OneDrive\デスクトップ\ComGetter64\新規ページ.files\201906161700.html
http://aiwolf.org/contest/201906161700.html
0
9073
C:\Users\yudon\OneDrive\デスクトップ\ComGetter64\新規ページ.files\201906162100.html
http://aiwolf.org/contest/201906162100.html
0
9073
C:\Users\yudon\OneDrive\デスクトップ\ComGetter64\新規ページ.files\201906162300.html
http://aiwolf.org/contest/201906162300.html
0
9073
C:\Users\yudon\OneDrive\デスクトップ\ComGetter64\新規ページ.files\201906150000.html
http://aiwolf.org/contest/201906150000.html
0
8966
C:\Users\yudon\OneDrive\デスクトップ\ComGetter64\新規ページ.files\201906150300.html
http://aiwolf.org/contest/201906150300.html
0
8966
C:\Users\yudon\OneDrive\デスクトップ\ComGetter64\新規ページ.files\201906150500.html
http://aiwolf.org/contest/201906150500.html
0
8966
C:\Users\yudon\OneDrive\デスクトップ\ComGetter64\新規ページ.files\201906150900.html
http://aiwolf.org/contest/201906150900.html
0
8966
C:\Users\yudon\OneDrive\デスクトップ\ComGetter64\新規ページ.files\201906151100.html
http://aiwolf.org/contest/201906151100.html
0
8966
C:\Users\yudon\OneDrive\デスクトップ\ComGetter64\新規ページ.files\201906151200.html
http://aiwolf.org/contest/201906151200.html
0
8966
C:\Users\yudon\OneDrive\デスクトップ\ComGetter64\新規ページ.files\201906151500.html
http://aiwolf.org/contest/201906151500.html
0
8966
C:\Users\yudon\OneDrive\デスクトップ\ComGetter64\新規ページ.files\201906151700.html
http://aiwolf.org/contest/201906151700.html
0
9094
C:\Users\yudon\OneDrive\デスクトップ\ComGetter64\新規ページ.files\201906152100.html
http://aiwolf.org/contest/201906152100.html
0
9094
C:\Users\yudon\OneDrive\デスクトップ\ComGetter64\新規ページ.files\201906152300.html
http://aiwolf.org/contest/201906152300.html
0
9094
C:\Users\yudon\OneDrive\デスクトップ\ComGetter64\新規ページ.files\201906140000.html
http://aiwolf.org/contest/201906140000.html
0
9085
C:\Users\yudon\OneDrive\デスクトップ\ComGetter64\新規ページ.files\201906140300.html
http://aiwolf.org/contest/201906140300.html
0
8975
C:\Users\yudon\OneDrive\デスクトップ\ComGetter64\新規ページ.files\201906140500.html
http://aiwolf.org/contest/201906140500.html
0
8601
C:\Users\yudon\OneDrive\デスクトップ\ComGetter64\新規ページ.files\201906140900.html
http://aiwolf.org/contest/201906140900.html
0
8975
C:\Users\yudon\OneDrive\デスクトップ\ComGetter64\新規ページ.files\201906141100.html
http://aiwolf.org/contest/201906141100.html
0
9062
C:\Users\yudon\OneDrive\デスクトップ\ComGetter64\新規ページ.files\201906141200.html
http://aiwolf.org/contest/201906141200.html
0
8934
C:\Users\yudon\OneDrive\デスクトップ\ComGetter64\新規ページ.files\201906141500.html
http://aiwolf.org/contest/201906141500.html
0
8967
C:\Users\yudon\OneDrive\デスクトップ\ComGetter64\新規ページ.files\201906141700.html
http://aiwolf.org/contest/201906141700.html
0
8949
C:\Users\yudon\OneDrive\デスクトップ\ComGetter64\新規ページ.files\201906142100.html
http://aiwolf.org/contest/201906142100.html
0
8966
C:\Users\yudon\OneDrive\デスクトップ\ComGetter64\新規ページ.files\201906142300.html
http://aiwolf.org/contest/201906142300.html
0
8966
C:\Users\yudon\OneDrive\デスクトップ\ComGetter64\新規ページ.files\201906130000.html
http://aiwolf.org/contest/201906130000.html
0
8773
C:\Users\yudon\OneDrive\デスクトップ\ComGetter64\新規ページ.files\201906130300.html
http://aiwolf.org/contest/201906130300.html
0
9215
C:\Users\yudon\OneDrive\デスクトップ\ComGetter64\新規ページ.files\201906130500.html
http://aiwolf.org/contest/201906130500.html
0
8533
C:\Users\yudon\OneDrive\デスクトップ\ComGetter64\新規ページ.files\201906130900.html
http://aiwolf.org/contest/201906130900.html
0
8885
C:\Users\yudon\OneDrive\デスクトップ\ComGetter64\新規ページ.files\201906131100.html
http://aiwolf.org/contest/201906131100.html
0
9012
C:\Users\yudon\OneDrive\デスクトップ\ComGetter64\新規ページ.files\201906131200.html
http://aiwolf.org/contest/201906131200.html
0
9062
C:\Users\yudon\OneDrive\デスクトップ\ComGetter64\新規ページ.files\201906131500.html
http://aiwolf.org/contest/201906131500.html
0
9012
C:\Users\yudon\OneDrive\デスクトップ\ComGetter64\新規ページ.files\201906131700.html
http://aiwolf.org/contest/201906131700.html
0
8974
C:\Users\yudon\OneDrive\デスクトップ\ComGetter64\新規ページ.files\201906132100.html
http://aiwolf.org/contest/201906132100.html
0
8975
C:\Users\yudon\OneDrive\デスクトップ\ComGetter64\新規ページ.files\201906132300.html
http://aiwolf.org/contest/201906132300.html
0
9085
C:\Users\yudon\OneDrive\デスクトップ\ComGetter64\新規ページ.files\201906120000.html
http://aiwolf.org/contest/201906120000.html
0
7649
C:\Users\yudon\OneDrive\デスクトップ\ComGetter64\新規ページ.files\201906120300.html
http://aiwolf.org/contest/201906120300.html
0
9167
C:\Users\yudon\OneDrive\デスクトップ\ComGetter64\新規ページ.files\201906120500.html
http://aiwolf.org/contest/201906120500.html
0
8506
C:\Users\yudon\OneDrive\デスクトップ\ComGetter64\新規ページ.files\201906120900.html
http://aiwolf.org/contest/201906120900.html
0
9167
C:\Users\yudon\OneDrive\デスクトップ\ComGetter64\新規ページ.files\201906121100.html
http://aiwolf.org/contest/201906121100.html
0
8506
C:\Users\yudon\OneDrive\デスクトップ\ComGetter64\新規ページ.files\201906121200.html
http://aiwolf.org/contest/201906121200.html
0
8247
C:\Users\yudon\OneDrive\デスクトップ\ComGetter64\新規ページ.files\201906121500.html
http://aiwolf.org/contest/201906121500.html
0
9167
C:\Users\yudon\OneDrive\デスクトップ\ComGetter64\新規ページ.files\201906121700.html
http://aiwolf.org/contest/201906121700.html
0
3345
C:\Users\yudon\OneDrive\デスクトップ\ComGetter64\新規ページ.files\201906122100.html
http://aiwolf.org/contest/201906122100.html
0
9105
C:\Users\yudon\OneDrive\デスクトップ\ComGetter64\新規ページ.files\201906122300.html
http://aiwolf.org/contest/201906122300.html
0
7090
C:\Users\yudon\OneDrive\デスクトップ\ComGetter64\新規ページ.files\201906110000.html
http://aiwolf.org/contest/201906110000.html
0
8173
C:\Users\yudon\OneDrive\デスクトップ\ComGetter64\新規ページ.files\201906110300.html
http://aiwolf.org/contest/201906110300.html
0
8691
C:\Users\yudon\OneDrive\デスクトップ\ComGetter64\新規ページ.files\201906110330.html
http://aiwolf.org/contest/201906110330.html
0
8691
C:\Users\yudon\OneDrive\デスクトップ\ComGetter64\新規ページ.files\201906110339.html
http://aiwolf.org/contest/201906110339.html
0
8173
C:\Users\yudon\OneDrive\デスクトップ\ComGetter64\新規ページ.files\201906110500.html
http://aiwolf.org/contest/201906110500.html
0
8173
C:\Users\yudon\OneDrive\デスクトップ\ComGetter64\新規ページ.files\201906110900.html
http://aiwolf.org/contest/201906110900.html
0
8691
C:\Users\yudon\OneDrive\デスクトップ\ComGetter64\新規ページ.files\201906111100.html
http://aiwolf.org/contest/201906111100.html
0
8167
C:\Users\yudon\OneDrive\デスクトップ\ComGetter64\新規ページ.files\201906111200.html
http://aiwolf.org/contest/201906111200.html
0
8143
C:\Users\yudon\OneDrive\デスクトップ\ComGetter64\新規ページ.files\201906111500.html
http://aiwolf.org/contest/201906111500.html
0
8685
C:\Users\yudon\OneDrive\デスクトップ\ComGetter64\新規ページ.files\201906111700.html
http://aiwolf.org/contest/201906111700.html
0
3291
C:\Users\yudon\OneDrive\デスクトップ\ComGetter64\新規ページ.files\201906112100.html
http://aiwolf.org/contest/201906112100.html
0
8927
C:\Users\yudon\OneDrive\デスクトップ\ComGetter64\新規ページ.files\201906112300.html
http://aiwolf.org/contest/201906112300.html
0
8519
C:\Users\yudon\OneDrive\デスクトップ\ComGetter64\新規ページ.files\201906100000.html
http://aiwolf.org/contest/201906100000.html
0
8163
C:\Users\yudon\OneDrive\デスクトップ\ComGetter64\新規ページ.files\201906100500.html
http://aiwolf.org/contest/201906100500.html
0
8163
C:\Users\yudon\OneDrive\デスクトップ\ComGetter64\新規ページ.files\201906100900.html
http://aiwolf.org/contest/201906100900.html
0
8654
C:\Users\yudon\OneDrive\デスクトップ\ComGetter64\新規ページ.files\201906101100.html
http://aiwolf.org/contest/201906101100.html
0
8173
C:\Users\yudon\OneDrive\デスクトップ\ComGetter64\新規ページ.files\201906101200.html
http://aiwolf.org/contest/201906101200.html
0
8173
C:\Users\yudon\OneDrive\デスクトップ\ComGetter64\新規ページ.files\201906101500.html
http://aiwolf.org/contest/201906101500.html
0
8664
C:\Users\yudon\OneDrive\デスクトップ\ComGetter64\新規ページ.files\201906101700.html
http://aiwolf.org/contest/201906101700.html
0
8045
C:\Users\yudon\OneDrive\デスクトップ\ComGetter64\新規ページ.files\201906102100.html
http://aiwolf.org/contest/201906102100.html
0
8691
C:\Users\yudon\OneDrive\デスクトップ\ComGetter64\新規ページ.files\201906102300.html
http://aiwolf.org/contest/201906102300.html
0
4716
C:\Users\yudon\OneDrive\デスクトップ\ComGetter64\新規ページ.files\201906090000.html
http://aiwolf.org/contest/201906090000.html
0
7088
C:\Users\yudon\OneDrive\デスクトップ\ComGetter64\新規ページ.files\201906090500.html
http://aiwolf.org/contest/201906090500.html
0
8163
C:\Users\yudon\OneDrive\デスクトップ\ComGetter64\新規ページ.files\201906091100.html
http://aiwolf.org/contest/201906091100.html
0
4647
C:\Users\yudon\OneDrive\デスクトップ\ComGetter64\新規ページ.files\201906091200.html
http://aiwolf.org/contest/201906091200.html
0
8163
C:\Users\yudon\OneDrive\デスクトップ\ComGetter64\新規ページ.files\201906091700.html
http://aiwolf.org/contest/201906091700.html
0
8163
C:\Users\yudon\OneDrive\デスクトップ\ComGetter64\新規ページ.files\201906092300.html
http://aiwolf.org/contest/201906092300.html
0
8163
C:\Users\yudon\OneDrive\デスクトップ\ComGetter64\新規ページ.files\201906080000.html
http://aiwolf.org/contest/201906080000.html
0
7253
C:\Users\yudon\OneDrive\デスクトップ\ComGetter64\新規ページ.files\201906080500.html
http://aiwolf.org/contest/201906080500.html
0
8764
C:\Users\yudon\OneDrive\デスクトップ\ComGetter64\新規ページ.files\201906080958.html
http://aiwolf.org/contest/201906080958.html
0
3227
C:\Users\yudon\OneDrive\デスクトップ\ComGetter64\新規ページ.files\201906081100.html
http://aiwolf.org/contest/201906081100.html
0
8519
C:\Users\yudon\OneDrive\デスクトップ\ComGetter64\新規ページ.files\201906081200.html
http://aiwolf.org/contest/201906081200.html
0
8436
C:\Users\yudon\OneDrive\デスクトップ\ComGetter64\新規ページ.files\201906081650.html
http://aiwolf.org/contest/201906081650.html
0
3227
C:\Users\yudon\OneDrive\デスクトップ\ComGetter64\新規ページ.files\201906081653.html
http://aiwolf.org/contest/201906081653.html
0
8571
C:\Users\yudon\OneDrive\デスクトップ\ComGetter64\新規ページ.files\201906081700.html
http://aiwolf.org/contest/201906081700.html
0
8198
C:\Users\yudon\OneDrive\デスクトップ\ComGetter64\新規ページ.files\201906082300.html
http://aiwolf.org/contest/201906082300.html
0
3296
C:\Users\yudon\OneDrive\デスクトップ\ComGetter64\新規ページ.files\201906070000.html
http://aiwolf.org/contest/201906070000.html
0
8117
C:\Users\yudon\OneDrive\デスクトップ\ComGetter64\新規ページ.files\201906070500.html
http://aiwolf.org/contest/201906070500.html
0
6873
C:\Users\yudon\OneDrive\デスクトップ\ComGetter64\新規ページ.files\201906070600.html
http://aiwolf.org/contest/201906070600.html
0
8117
C:\Users\yudon\OneDrive\デスクトップ\ComGetter64\新規ページ.files\201906071100.html
http://aiwolf.org/contest/201906071100.html
0
3333
C:\Users\yudon\OneDrive\デスクトップ\ComGetter64\新規ページ.files\201906071200.html
http://aiwolf.org/contest/201906071200.html
0
8117
C:\Users\yudon\OneDrive\デスクトップ\ComGetter64\新規ページ.files\201906071700.html
http://aiwolf.org/contest/201906071700.html
0
3133
C:\Users\yudon\OneDrive\デスクトップ\ComGetter64\新規ページ.files\201906071800.html
http://aiwolf.org/contest/201906071800.html
0
8117
C:\Users\yudon\OneDrive\デスクトップ\ComGetter64\新規ページ.files\201906072300.html
http://aiwolf.org/contest/201906072300.html
0
8117
C:\Users\yudon\OneDrive\デスクトップ\ComGetter64\新規ページ.files\201906060000.html
http://aiwolf.org/contest/201906060000.html
0
8307
C:\Users\yudon\OneDrive\デスクトップ\ComGetter64\新規ページ.files\201906060500.html
http://aiwolf.org/contest/201906060500.html
0
7022
C:\Users\yudon\OneDrive\デスクトップ\ComGetter64\新規ページ.files\201906060600.html
http://aiwolf.org/contest/201906060600.html
0
7302
C:\Users\yudon\OneDrive\デスクトップ\ComGetter64\新規ページ.files\201906061100.html
http://aiwolf.org/contest/201906061100.html
0
7554
C:\Users\yudon\OneDrive\デスクトップ\ComGetter64\新規ページ.files\201906061200.html
http://aiwolf.org/contest/201906061200.html
0
7294
C:\Users\yudon\OneDrive\デスクトップ\ComGetter64\新規ページ.files\201906061700.html
http://aiwolf.org/contest/201906061700.html
0
5821
C:\Users\yudon\OneDrive\デスクトップ\ComGetter64\新規ページ.files\201906061800.html
http://aiwolf.org/contest/201906061800.html
0
8117
C:\Users\yudon\OneDrive\デスクトップ\ComGetter64\新規ページ.files\201906062300.html
http://aiwolf.org/contest/201906062300.html
0
8117
C:\Users\yudon\OneDrive\デスクトップ\ComGetter64\新規ページ.files\201906050000.html
http://aiwolf.org/contest/201906050000.html
0
8611
C:\Users\yudon\OneDrive\デスクトップ\ComGetter64\新規ページ.files\201906050500.html
http://aiwolf.org/contest/201906050500.html
0
8281
C:\Users\yudon\OneDrive\デスクトップ\ComGetter64\新規ページ.files\201906050600.html
http://aiwolf.org/contest/201906050600.html
0
8611
C:\Users\yudon\OneDrive\デスクトップ\ComGetter64\新規ページ.files\201906051100.html
http://aiwolf.org/contest/201906051100.html
0
8628
C:\Users\yudon\OneDrive\デスクトップ\ComGetter64\新規ページ.files\201906051200.html
http://aiwolf.org/contest/201906051200.html
0
8390
C:\Users\yudon\OneDrive\デスクトップ\ComGetter64\新規ページ.files\201906051700.html
http://aiwolf.org/contest/201906051700.html
0
8390
C:\Users\yudon\OneDrive\デスクトップ\ComGetter64\新規ページ.files\201906051800.html
http://aiwolf.org/contest/201906051800.html
0
8307
C:\Users\yudon\OneDrive\デスクトップ\ComGetter64\新規ページ.files\201906052300.html
http://aiwolf.org/contest/201906052300.html
0
8307
C:\Users\yudon\OneDrive\デスクトップ\ComGetter64\新規ページ.files\201906040000.html
http://aiwolf.org/contest/201906040000.html
0
7195
C:\Users\yudon\OneDrive\デスクトップ\ComGetter64\新規ページ.files\201906040100.html
http://aiwolf.org/contest/201906040100.html
0
7112
C:\Users\yudon\OneDrive\デスクトップ\ComGetter64\新規ページ.files\201906040300.html
http://aiwolf.org/contest/201906040300.html
0
7112
C:\Users\yudon\OneDrive\デスクトップ\ComGetter64\新規ページ.files\201906040600.html
http://aiwolf.org/contest/201906040600.html
0
3317
C:\Users\yudon\OneDrive\デスクトップ\ComGetter64\新規ページ.files\201906041100.html
http://aiwolf.org/contest/201906041100.html
0
8836
C:\Users\yudon\OneDrive\デスクトップ\ComGetter64\新規ページ.files\201906041200.html
http://aiwolf.org/contest/201906041200.html
0
8591
C:\Users\yudon\OneDrive\デスクトップ\ComGetter64\新規ページ.files\201906041700.html
http://aiwolf.org/contest/201906041700.html
0
8354
C:\Users\yudon\OneDrive\デスクトップ\ComGetter64\新規ページ.files\201906041800.html
http://aiwolf.org/contest/201906041800.html
0
8354
C:\Users\yudon\OneDrive\デスクトップ\ComGetter64\新規ページ.files\201906042300.html
http://aiwolf.org/contest/201906042300.html
0
8354
C:\Users\yudon\OneDrive\デスクトップ\ComGetter64\新規ページ.files\201906030000.html
http://aiwolf.org/contest/201906030000.html
0
8043
C:\Users\yudon\OneDrive\デスクトップ\ComGetter64\新規ページ.files\201906030100.html
http://aiwolf.org/contest/201906030100.html
0
8043
C:\Users\yudon\OneDrive\デスクトップ\ComGetter64\新規ページ.files\201906030300.html
http://aiwolf.org/contest/201906030300.html
0
8043
C:\Users\yudon\OneDrive\デスクトップ\ComGetter64\新規ページ.files\201906030400.html
http://aiwolf.org/contest/201906030400.html
0
8043
C:\Users\yudon\OneDrive\デスクトップ\ComGetter64\新規ページ.files\201906030600.html
http://aiwolf.org/contest/201906030600.html
0
8043
C:\Users\yudon\OneDrive\デスクトップ\ComGetter64\新規ページ.files\201906030700.html
http://aiwolf.org/contest/201906030700.html
0
8043
C:\Users\yudon\OneDrive\デスクトップ\ComGetter64\新規ページ.files\201906030900.html
http://aiwolf.org/contest/201906030900.html
0
7800
C:\Users\yudon\OneDrive\デスクトップ\ComGetter64\新規ページ.files\201906031000.html
http://aiwolf.org/contest/201906031000.html
0
8043
C:\Users\yudon\OneDrive\デスクトップ\ComGetter64\新規ページ.files\201906031200.html
http://aiwolf.org/contest/201906031200.html
0
8043
C:\Users\yudon\OneDrive\デスクトップ\ComGetter64\新規ページ.files\201906031300.html
http://aiwolf.org/contest/201906031300.html
0
7608
C:\Users\yudon\OneDrive\デスクトップ\ComGetter64\新規ページ.files\201906031500.html
http://aiwolf.org/contest/201906031500.html
0
7608
C:\Users\yudon\OneDrive\デスクトップ\ComGetter64\新規ページ.files\201906031600.html
http://aiwolf.org/contest/201906031600.html
0
7350
C:\Users\yudon\OneDrive\デスクトップ\ComGetter64\新規ページ.files\201906031800.html
http://aiwolf.org/contest/201906031800.html
0
7350
C:\Users\yudon\OneDrive\デスクトップ\ComGetter64\新規ページ.files\201906031900.html
http://aiwolf.org/contest/201906031900.html
0
7112
C:\Users\yudon\OneDrive\デスクトップ\ComGetter64\新規ページ.files\201906032100.html
http://aiwolf.org/contest/201906032100.html
0
7112
C:\Users\yudon\OneDrive\デスクトップ\ComGetter64\新規ページ.files\201906032200.html
http://aiwolf.org/contest/201906032200.html
0
7112
C:\Users\yudon\OneDrive\デスクトップ\ComGetter64\新規ページ.files\201906020000.html
http://aiwolf.org/contest/201906020000.html
0
8043
C:\Users\yudon\OneDrive\デスクトップ\ComGetter64\新規ページ.files\201906020100.html
http://aiwolf.org/contest/201906020100.html
0
8043
C:\Users\yudon\OneDrive\デスクトップ\ComGetter64\新規ページ.files\201906020300.html
http://aiwolf.org/contest/201906020300.html
0
8043
C:\Users\yudon\OneDrive\デスクトップ\ComGetter64\新規ページ.files\201906020400.html
http://aiwolf.org/contest/201906020400.html
0
8043
C:\Users\yudon\OneDrive\デスクトップ\ComGetter64\新規ページ.files\201906020600.html
http://aiwolf.org/contest/201906020600.html
0
8043
C:\Users\yudon\OneDrive\デスクトップ\ComGetter64\新規ページ.files\201906020700.html
http://aiwolf.org/contest/201906020700.html
0
8043
C:\Users\yudon\OneDrive\デスクトップ\ComGetter64\新規ページ.files\201906020900.html
http://aiwolf.org/contest/201906020900.html
0
8043
C:\Users\yudon\OneDrive\デスクトップ\ComGetter64\新規ページ.files\201906021000.html
http://aiwolf.org/contest/201906021000.html
0
8043
C:\Users\yudon\OneDrive\デスクトップ\ComGetter64\新規ページ.files\201906021200.html
http://aiwolf.org/contest/201906021200.html
0
8126
C:\Users\yudon\OneDrive\デスクトップ\ComGetter64\新規ページ.files\201906021300.html
http://aiwolf.org/contest/201906021300.html
0
8043
C:\Users\yudon\OneDrive\デスクトップ\ComGetter64\新規ページ.files\201906021500.html
http://aiwolf.org/contest/201906021500.html
0
8043
C:\Users\yudon\OneDrive\デスクトップ\ComGetter64\新規ページ.files\201906021600.html
http://aiwolf.org/contest/201906021600.html
0
8043
C:\Users\yudon\OneDrive\デスクトップ\ComGetter64\新規ページ.files\201906021800.html
http://aiwolf.org/contest/201906021800.html
0
8043
C:\Users\yudon\OneDrive\デスクトップ\ComGetter64\新規ページ.files\201906021900.html
http://aiwolf.org/contest/201906021900.html
0
8043
C:\Users\yudon\OneDrive\デスクトップ\ComGetter64\新規ページ.files\201906022100.html
http://aiwolf.org/contest/201906022100.html
0
8043
C:\Users\yudon\OneDrive\デスクトップ\ComGetter64\新規ページ.files\201906022200.html
http://aiwolf.org/contest/201906022200.html
0
8043
C:\Users\yudon\OneDrive\デスクトップ\ComGetter64\新規ページ.files\201906010000.html
http://aiwolf.org/contest/201906010000.html
0
8152
C:\Users\yudon\OneDrive\デスクトップ\ComGetter64\新規ページ.files\201906010100.html
http://aiwolf.org/contest/201906010100.html
0
8152
C:\Users\yudon\OneDrive\デスクトップ\ComGetter64\新規ページ.files\201906010300.html
http://aiwolf.org/contest/201906010300.html
0
8152
C:\Users\yudon\OneDrive\デスクトップ\ComGetter64\新規ページ.files\201906010400.html
http://aiwolf.org/contest/201906010400.html
0
8152
C:\Users\yudon\OneDrive\デスクトップ\ComGetter64\新規ページ.files\201906010600.html
http://aiwolf.org/contest/201906010600.html
0
8152
C:\Users\yudon\OneDrive\デスクトップ\ComGetter64\新規ページ.files\201906010700.html
http://aiwolf.org/contest/201906010700.html
0
8152
C:\Users\yudon\OneDrive\デスクトップ\ComGetter64\新規ページ.files\201906010900.html
http://aiwolf.org/contest/201906010900.html
0
8152
C:\Users\yudon\OneDrive\デスクトップ\ComGetter64\新規ページ.files\201906011000.html
http://aiwolf.org/contest/201906011000.html
0
8152
C:\Users\yudon\OneDrive\デスクトップ\ComGetter64\新規ページ.files\201906011200.html
http://aiwolf.org/contest/201906011200.html
0
8152
C:\Users\yudon\OneDrive\デスクトップ\ComGetter64\新規ページ.files\201906011300.html
http://aiwolf.org/contest/201906011300.html
0
8152
C:\Users\yudon\OneDrive\デスクトップ\ComGetter64\新規ページ.files\201906011500.html
http://aiwolf.org/contest/201906011500.html
0
7909
C:\Users\yudon\OneDrive\デスクトップ\ComGetter64\新規ページ.files\201906011600.html
http://aiwolf.org/contest/201906011600.html
0
8043
C:\Users\yudon\OneDrive\デスクトップ\ComGetter64\新規ページ.files\201906011800.html
http://aiwolf.org/contest/201906011800.html
0
8043
C:\Users\yudon\OneDrive\デスクトップ\ComGetter64\新規ページ.files\201906011900.html
http://aiwolf.org/contest/201906011900.html
0
8043
C:\Users\yudon\OneDrive\デスクトップ\ComGetter64\新規ページ.files\201906012100.html
http://aiwolf.org/contest/201906012100.html
0
8043
C:\Users\yudon\OneDrive\デスクトップ\ComGetter64\新規ページ.files\201906012200.html
http://aiwolf.org/contest/201906012200.html
0
8043
C:\Users\yudon\OneDrive\デスクトップ\ComGetter64\新規ページ.files\201905310000.html
http://aiwolf.org/contest/201905310000.html
0
8152
C:\Users\yudon\OneDrive\デスクトップ\ComGetter64\新規ページ.files\201905310100.html
http://aiwolf.org/contest/201905310100.html
0
8152
C:\Users\yudon\OneDrive\デスクトップ\ComGetter64\新規ページ.files\201905310300.html
http://aiwolf.org/contest/201905310300.html
0
8152
C:\Users\yudon\OneDrive\デスクトップ\ComGetter64\新規ページ.files\201905310400.html
http://aiwolf.org/contest/201905310400.html
0
8152
C:\Users\yudon\OneDrive\デスクトップ\ComGetter64\新規ページ.files\201905310600.html
http://aiwolf.org/contest/201905310600.html
0
8152
C:\Users\yudon\OneDrive\デスクトップ\ComGetter64\新規ページ.files\201905310700.html
http://aiwolf.org/contest/201905310700.html
0
8152
C:\Users\yudon\OneDrive\デスクトップ\ComGetter64\新規ページ.files\201905310900.html
http://aiwolf.org/contest/201905310900.html
0
8152
C:\Users\yudon\OneDrive\デスクトップ\ComGetter64\新規ページ.files\201905311000.html
http://aiwolf.org/contest/201905311000.html
0
8152
C:\Users\yudon\OneDrive\デスクトップ\ComGetter64\新規ページ.files\201905311200.html
http://aiwolf.org/contest/201905311200.html
0
8152
C:\Users\yudon\OneDrive\デスクトップ\ComGetter64\新規ページ.files\201905311300.html
http://aiwolf.org/contest/201905311300.html
0
8152
C:\Users\yudon\OneDrive\デスクトップ\ComGetter64\新規ページ.files\201905311500.html
http://aiwolf.org/contest/201905311500.html
0
8152
C:\Users\yudon\OneDrive\デスクトップ\ComGetter64\新規ページ.files\201905311600.html
http://aiwolf.org/contest/201905311600.html
0
8152
C:\Users\yudon\OneDrive\デスクトップ\ComGetter64\新規ページ.files\201905311800.html
http://aiwolf.org/contest/201905311800.html
0
8152
C:\Users\yudon\OneDrive\デスクトップ\ComGetter64\新規ページ.files\201905311900.html
http://aiwolf.org/contest/201905311900.html
0
8152
C:\Users\yudon\OneDrive\デスクトップ\ComGetter64\新規ページ.files\201905312100.html
http://aiwolf.org/contest/201905312100.html
0
8152
C:\Users\yudon\OneDrive\デスクトップ\ComGetter64\新規ページ.files\201905312200.html
http://aiwolf.org/contest/201905312200.html
0
8152
C:\Users\yudon\OneDrive\デスクトップ\ComGetter64\新規ページ.files\201905300000.html
http://aiwolf.org/contest/201905300000.html
0
8119
C:\Users\yudon\OneDrive\デスクトップ\ComGetter64\新規ページ.files\201905300100.html
http://aiwolf.org/contest/201905300100.html
0
8119
C:\Users\yudon\OneDrive\デスクトップ\ComGetter64\新規ページ.files\201905300300.html
http://aiwolf.org/contest/201905300300.html
0
8119
C:\Users\yudon\OneDrive\デスクトップ\ComGetter64\新規ページ.files\201905300400.html
http://aiwolf.org/contest/201905300400.html
0
8119
C:\Users\yudon\OneDrive\デスクトップ\ComGetter64\新規ページ.files\201905300600.html
http://aiwolf.org/contest/201905300600.html
0
8152
C:\Users\yudon\OneDrive\デスクトップ\ComGetter64\新規ページ.files\201905300700.html
http://aiwolf.org/contest/201905300700.html
0
8152
C:\Users\yudon\OneDrive\デスクトップ\ComGetter64\新規ページ.files\201905300900.html
http://aiwolf.org/contest/201905300900.html
0
8152
C:\Users\yudon\OneDrive\デスクトップ\ComGetter64\新規ページ.files\201905301000.html
http://aiwolf.org/contest/201905301000.html
0
8152
C:\Users\yudon\OneDrive\デスクトップ\ComGetter64\新規ページ.files\201905301200.html
http://aiwolf.org/contest/201905301200.html
0
7909
C:\Users\yudon\OneDrive\デスクトップ\ComGetter64\新規ページ.files\201905301300.html
http://aiwolf.org/contest/201905301300.html
0
7909
C:\Users\yudon\OneDrive\デスクトップ\ComGetter64\新規ページ.files\201905301500.html
http://aiwolf.org/contest/201905301500.html
0
7909
C:\Users\yudon\OneDrive\デスクトップ\ComGetter64\新規ページ.files\201905301600.html
http://aiwolf.org/contest/201905301600.html
0
8152
C:\Users\yudon\OneDrive\デスクトップ\ComGetter64\新規ページ.files\201905301800.html
http://aiwolf.org/contest/201905301800.html
0
8152
C:\Users\yudon\OneDrive\デスクトップ\ComGetter64\新規ページ.files\201905301900.html
http://aiwolf.org/contest/201905301900.html
0
8152
C:\Users\yudon\OneDrive\デスクトップ\ComGetter64\新規ページ.files\201905302100.html
http://aiwolf.org/contest/201905302100.html
0
8152
C:\Users\yudon\OneDrive\デスクトップ\ComGetter64\新規ページ.files\201905302200.html
http://aiwolf.org/contest/201905302200.html
0
8152
C:\Users\yudon\OneDrive\デスクトップ\ComGetter64\新規ページ.files\201905290000.html
http://aiwolf.org/contest/201905290000.html
0
7828
C:\Users\yudon\OneDrive\デスクトップ\ComGetter64\新規ページ.files\201905290100.html
http://aiwolf.org/contest/201905290100.html
0
7828
C:\Users\yudon\OneDrive\デスクトップ\ComGetter64\新規ページ.files\201905290300.html
http://aiwolf.org/contest/201905290300.html
0
7828
C:\Users\yudon\OneDrive\デスクトップ\ComGetter64\新規ページ.files\201905290400.html
http://aiwolf.org/contest/201905290400.html
0
7828
C:\Users\yudon\OneDrive\デスクトップ\ComGetter64\新規ページ.files\201905290600.html
http://aiwolf.org/contest/201905290600.html
0
8067
C:\Users\yudon\OneDrive\デスクトップ\ComGetter64\新規ページ.files\201905290700.html
http://aiwolf.org/contest/201905290700.html
0
8067
C:\Users\yudon\OneDrive\デスクトップ\ComGetter64\新規ページ.files\201905290900.html
http://aiwolf.org/contest/201905290900.html
0
8067
C:\Users\yudon\OneDrive\デスクトップ\ComGetter64\新規ページ.files\201905291000.html
http://aiwolf.org/contest/201905291000.html
0
8067
C:\Users\yudon\OneDrive\デスクトップ\ComGetter64\新規ページ.files\201905291200.html
http://aiwolf.org/contest/201905291200.html
0
8067
C:\Users\yudon\OneDrive\デスクトップ\ComGetter64\新規ページ.files\201905291300.html
http://aiwolf.org/contest/201905291300.html
0
8067
C:\Users\yudon\OneDrive\デスクトップ\ComGetter64\新規ページ.files\201905291500.html
http://aiwolf.org/contest/201905291500.html
0
8067
C:\Users\yudon\OneDrive\デスクトップ\ComGetter64\新規ページ.files\201905291600.html
http://aiwolf.org/contest/201905291600.html
0
8067
C:\Users\yudon\OneDrive\デスクトップ\ComGetter64\新規ページ.files\201905291800.html
http://aiwolf.org/contest/201905291800.html
0
8067
C:\Users\yudon\OneDrive\デスクトップ\ComGetter64\新規ページ.files\201905291900.html
http://aiwolf.org/contest/201905291900.html
0
8067
C:\Users\yudon\OneDrive\デスクトップ\ComGetter64\新規ページ.files\201905292100.html
http://aiwolf.org/contest/201905292100.html
0
8067
C:\Users\yudon\OneDrive\デスクトップ\ComGetter64\新規ページ.files\201905292200.html
http://aiwolf.org/contest/201905292200.html
0
8119
C:\Users\yudon\OneDrive\デスクトップ\ComGetter64\新規ページ.files\201905280000.html
http://aiwolf.org/contest/201905280000.html
0
7828
C:\Users\yudon\OneDrive\デスクトップ\ComGetter64\新規ページ.files\201905280100.html
http://aiwolf.org/contest/201905280100.html
0
7828
C:\Users\yudon\OneDrive\デスクトップ\ComGetter64\新規ページ.files\201905280300.html
http://aiwolf.org/contest/201905280300.html
0
7828
C:\Users\yudon\OneDrive\デスクトップ\ComGetter64\新規ページ.files\201905280400.html
http://aiwolf.org/contest/201905280400.html
0
7828
C:\Users\yudon\OneDrive\デスクトップ\ComGetter64\新規ページ.files\201905280600.html
http://aiwolf.org/contest/201905280600.html
0
7828
C:\Users\yudon\OneDrive\デスクトップ\ComGetter64\新規ページ.files\201905280700.html
http://aiwolf.org/contest/201905280700.html
0
7828
C:\Users\yudon\OneDrive\デスクトップ\ComGetter64\新規ページ.files\201905280900.html
http://aiwolf.org/contest/201905280900.html
0
7828
C:\Users\yudon\OneDrive\デスクトップ\ComGetter64\新規ページ.files\201905281000.html
http://aiwolf.org/contest/201905281000.html
0
7828
C:\Users\yudon\OneDrive\デスクトップ\ComGetter64\新規ページ.files\201905281200.html
http://aiwolf.org/contest/201905281200.html
0
7828
C:\Users\yudon\OneDrive\デスクトップ\ComGetter64\新規ページ.files\201905281300.html
http://aiwolf.org/contest/201905281300.html
0
7828
C:\Users\yudon\OneDrive\デスクトップ\ComGetter64\新規ページ.files\201905281500.html
http://aiwolf.org/contest/201905281500.html
0
7828
C:\Users\yudon\OneDrive\デスクトップ\ComGetter64\新規ページ.files\201905281600.html
http://aiwolf.org/contest/201905281600.html
0
7828
C:\Users\yudon\OneDrive\デスクトップ\ComGetter64\新規ページ.files\201905281800.html
http://aiwolf.org/contest/201905281800.html
0
7828
C:\Users\yudon\OneDrive\デスクトップ\ComGetter64\新規ページ.files\201905281900.html
http://aiwolf.org/contest/201905281900.html
0
7828
C:\Users\yudon\OneDrive\デスクトップ\ComGetter64\新規ページ.files\201905282100.html
http://aiwolf.org/contest/201905282100.html
0
7828
C:\Users\yudon\OneDrive\デスクトップ\ComGetter64\新規ページ.files\201905282200.html
http://aiwolf.org/contest/201905282200.html
0
7828
C:\Users\yudon\OneDrive\デスクトップ\ComGetter64\新規ページ.files\201905270000.html
http://aiwolf.org/contest/201905270000.html
0
7568
C:\Users\yudon\OneDrive\デスクトップ\ComGetter64\新規ページ.files\201905270100.html
http://aiwolf.org/contest/201905270100.html
0
7568
C:\Users\yudon\OneDrive\デスクトップ\ComGetter64\新規ページ.files\201905270300.html
http://aiwolf.org/contest/201905270300.html
0
7568
C:\Users\yudon\OneDrive\デスクトップ\ComGetter64\新規ページ.files\201905270400.html
http://aiwolf.org/contest/201905270400.html
0
7568
C:\Users\yudon\OneDrive\デスクトップ\ComGetter64\新規ページ.files\201905270600.html
http://aiwolf.org/contest/201905270600.html
0
7568
C:\Users\yudon\OneDrive\デスクトップ\ComGetter64\新規ページ.files\201905270700.html
http://aiwolf.org/contest/201905270700.html
0
7568
C:\Users\yudon\OneDrive\デスクトップ\ComGetter64\新規ページ.files\201905270900.html
http://aiwolf.org/contest/201905270900.html
0
7568
C:\Users\yudon\OneDrive\デスクトップ\ComGetter64\新規ページ.files\201905271000.html
http://aiwolf.org/contest/201905271000.html
0
7568
C:\Users\yudon\OneDrive\デスクトップ\ComGetter64\新規ページ.files\201905271200.html
http://aiwolf.org/contest/201905271200.html
0
7828
C:\Users\yudon\OneDrive\デスクトップ\ComGetter64\新規ページ.files\201905271300.html
http://aiwolf.org/contest/201905271300.html
0
7828
C:\Users\yudon\OneDrive\デスクトップ\ComGetter64\新規ページ.files\201905271500.html
http://aiwolf.org/contest/201905271500.html
0
7828
C:\Users\yudon\OneDrive\デスクトップ\ComGetter64\新規ページ.files\201905271600.html
http://aiwolf.org/contest/201905271600.html
0
7828
C:\Users\yudon\OneDrive\デスクトップ\ComGetter64\新規ページ.files\201905271800.html
http://aiwolf.org/contest/201905271800.html
0
7828
C:\Users\yudon\OneDrive\デスクトップ\ComGetter64\新規ページ.files\201905271900.html
http://aiwolf.org/contest/201905271900.html
0
7828
C:\Users\yudon\OneDrive\デスクトップ\ComGetter64\新規ページ.files\201905272100.html
http://aiwolf.org/contest/201905272100.html
0
7828
C:\Users\yudon\OneDrive\デスクトップ\ComGetter64\新規ページ.files\201905272200.html
http://aiwolf.org/contest/201905272200.html
0
7828
C:\Users\yudon\OneDrive\デスクトップ\ComGetter64\新規ページ.files\201905260000.html
http://aiwolf.org/contest/201905260000.html
0
5976
C:\Users\yudon\OneDrive\デスクトップ\ComGetter64\新規ページ.files\201905260100.html
http://aiwolf.org/contest/201905260100.html
0
6092
C:\Users\yudon\OneDrive\デスクトップ\ComGetter64\新規ページ.files\201905260300.html
http://aiwolf.org/contest/201905260300.html
0
6760
C:\Users\yudon\OneDrive\デスクトップ\ComGetter64\新規ページ.files\201905260400.html
http://aiwolf.org/contest/201905260400.html
0
7373
C:\Users\yudon\OneDrive\デスクトップ\ComGetter64\新規ページ.files\201905260600.html
http://aiwolf.org/contest/201905260600.html
0
7568
C:\Users\yudon\OneDrive\デスクトップ\ComGetter64\新規ページ.files\201905260700.html
http://aiwolf.org/contest/201905260700.html
0
7568
C:\Users\yudon\OneDrive\デスクトップ\ComGetter64\新規ページ.files\201905260900.html
http://aiwolf.org/contest/201905260900.html
0
7568
C:\Users\yudon\OneDrive\デスクトップ\ComGetter64\新規ページ.files\201905261000.html
http://aiwolf.org/contest/201905261000.html
0
7568
C:\Users\yudon\OneDrive\デスクトップ\ComGetter64\新規ページ.files\201905261200.html
http://aiwolf.org/contest/201905261200.html
0
7568
C:\Users\yudon\OneDrive\デスクトップ\ComGetter64\新規ページ.files\201905261300.html
http://aiwolf.org/contest/201905261300.html
0
7568
C:\Users\yudon\OneDrive\デスクトップ\ComGetter64\新規ページ.files\201905261500.html
http://aiwolf.org/contest/201905261500.html
0
7568
C:\Users\yudon\OneDrive\デスクトップ\ComGetter64\新規ページ.files\201905261600.html
http://aiwolf.org/contest/201905261600.html
0
7568
C:\Users\yudon\OneDrive\デスクトップ\ComGetter64\新規ページ.files\201905261800.html
http://aiwolf.org/contest/201905261800.html
0
7568
C:\Users\yudon\OneDrive\デスクトップ\ComGetter64\新規ページ.files\201905261900.html
http://aiwolf.org/contest/201905261900.html
0
7568
C:\Users\yudon\OneDrive\デスクトップ\ComGetter64\新規ページ.files\201905262100.html
http://aiwolf.org/contest/201905262100.html
0
7568
C:\Users\yudon\OneDrive\デスクトップ\ComGetter64\新規ページ.files\201905262200.html
http://aiwolf.org/contest/201905262200.html
0
7568
C:\Users\yudon\OneDrive\デスクトップ\ComGetter64\新規ページ.files\201905250000.html
http://aiwolf.org/contest/201905250000.html
0
5780
C:\Users\yudon\OneDrive\デスクトップ\ComGetter64\新規ページ.files\201905250100.html
http://aiwolf.org/contest/201905250100.html
0
5846
C:\Users\yudon\OneDrive\デスクトップ\ComGetter64\新規ページ.files\201905250200.html
http://aiwolf.org/contest/201905250200.html
0
5608
C:\Users\yudon\OneDrive\デスクトップ\ComGetter64\新規ページ.files\201905250300.html
http://aiwolf.org/contest/201905250300.html
0
5851
C:\Users\yudon\OneDrive\デスクトップ\ComGetter64\新規ページ.files\201905250400.html
http://aiwolf.org/contest/201905250400.html
0
5614
C:\Users\yudon\OneDrive\デスクトップ\ComGetter64\新規ページ.files\201905250500.html
http://aiwolf.org/contest/201905250500.html
0
6459
C:\Users\yudon\OneDrive\デスクトップ\ComGetter64\新規ページ.files\201905250600.html
http://aiwolf.org/contest/201905250600.html
0
6228
C:\Users\yudon\OneDrive\デスクトップ\ComGetter64\新規ページ.files\201905250700.html
http://aiwolf.org/contest/201905250700.html
0
6705
C:\Users\yudon\OneDrive\デスクトップ\ComGetter64\新規ページ.files\201905250800.html
http://aiwolf.org/contest/201905250800.html
0
6226
C:\Users\yudon\OneDrive\デスクトップ\ComGetter64\新規ページ.files\201905250900.html
http://aiwolf.org/contest/201905250900.html
0
6704
C:\Users\yudon\OneDrive\デスクトップ\ComGetter64\新規ページ.files\201905251000.html
http://aiwolf.org/contest/201905251000.html
0
6942
C:\Users\yudon\OneDrive\デスクトップ\ComGetter64\新規ページ.files\201905251200.html
http://aiwolf.org/contest/201905251200.html
0
6939
C:\Users\yudon\OneDrive\デスクトップ\ComGetter64\新規ページ.files\201905251300.html
http://aiwolf.org/contest/201905251300.html
0
6810
C:\Users\yudon\OneDrive\デスクトップ\ComGetter64\新規ページ.files\201905251400.html
http://aiwolf.org/contest/201905251400.html
0
6700
C:\Users\yudon\OneDrive\デスクトップ\ComGetter64\新規ページ.files\201905251500.html
http://aiwolf.org/contest/201905251500.html
0
7177
C:\Users\yudon\OneDrive\デスクトップ\ComGetter64\新規ページ.files\201905251600.html
http://aiwolf.org/contest/201905251600.html
0
7773
C:\Users\yudon\OneDrive\デスクトップ\ComGetter64\新規ページ.files\201905251800.html
http://aiwolf.org/contest/201905251800.html
0
7429
C:\Users\yudon\OneDrive\デスクトップ\ComGetter64\新規ページ.files\201905251900.html
http://aiwolf.org/contest/201905251900.html
0
7429
C:\Users\yudon\OneDrive\デスクトップ\ComGetter64\新規ページ.files\201905252100.html
http://aiwolf.org/contest/201905252100.html
0
7428
C:\Users\yudon\OneDrive\デスクトップ\ComGetter64\新規ページ.files\201905252200.html
http://aiwolf.org/contest/201905252200.html
0
5737
C:\Users\yudon\OneDrive\デスクトップ\ComGetter64\新規ページ.files\201905240000.html
http://aiwolf.org/contest/201905240000.html
0
3624
C:\Users\yudon\OneDrive\デスクトップ\ComGetter64\新規ページ.files\201905240100.html
http://aiwolf.org/contest/201905240100.html
0
3624
C:\Users\yudon\OneDrive\デスクトップ\ComGetter64\新規ページ.files\201905240200.html
http://aiwolf.org/contest/201905240200.html
0
3624
C:\Users\yudon\OneDrive\デスクトップ\ComGetter64\新規ページ.files\201905240300.html
http://aiwolf.org/contest/201905240300.html
0
3624
C:\Users\yudon\OneDrive\デスクトップ\ComGetter64\新規ページ.files\201905240400.html
http://aiwolf.org/contest/201905240400.html
0
3624
C:\Users\yudon\OneDrive\デスクトップ\ComGetter64\新規ページ.files\201905240500.html
http://aiwolf.org/contest/201905240500.html
0
3624
C:\Users\yudon\OneDrive\デスクトップ\ComGetter64\新規ページ.files\201905240600.html
http://aiwolf.org/contest/201905240600.html
0
3624
C:\Users\yudon\OneDrive\デスクトップ\ComGetter64\新規ページ.files\201905240700.html
http://aiwolf.org/contest/201905240700.html
0
4811
C:\Users\yudon\OneDrive\デスクトップ\ComGetter64\新規ページ.files\201905240800.html
http://aiwolf.org/contest/201905240800.html
0
5060
C:\Users\yudon\OneDrive\デスクトップ\ComGetter64\新規ページ.files\201905240900.html
http://aiwolf.org/contest/201905240900.html
0
5298
C:\Users\yudon\OneDrive\デスクトップ\ComGetter64\新規ページ.files\201905241000.html
http://aiwolf.org/contest/201905241000.html
0
5299
C:\Users\yudon\OneDrive\デスクトップ\ComGetter64\新規ページ.files\201905241100.html
http://aiwolf.org/contest/201905241100.html
0
5299
C:\Users\yudon\OneDrive\デスクトップ\ComGetter64\新規ページ.files\201905241200.html
http://aiwolf.org/contest/201905241200.html
0
5299
C:\Users\yudon\OneDrive\デスクトップ\ComGetter64\新規ページ.files\201905241300.html
http://aiwolf.org/contest/201905241300.html
0
5299
C:\Users\yudon\OneDrive\デスクトップ\ComGetter64\新規ページ.files\201905241400.html
http://aiwolf.org/contest/201905241400.html
0
5537
C:\Users\yudon\OneDrive\デスクトップ\ComGetter64\新規ページ.files\201905241500.html
http://aiwolf.org/contest/201905241500.html
0
5299
C:\Users\yudon\OneDrive\デスクトップ\ComGetter64\新規ページ.files\201905241600.html
http://aiwolf.org/contest/201905241600.html
0
5540
C:\Users\yudon\OneDrive\デスクトップ\ComGetter64\新規ページ.files\201905241700.html
http://aiwolf.org/contest/201905241700.html
0
5540
C:\Users\yudon\OneDrive\デスクトップ\ComGetter64\新規ページ.files\201905241800.html
http://aiwolf.org/contest/201905241800.html
0
5540
C:\Users\yudon\OneDrive\デスクトップ\ComGetter64\新規ページ.files\201905241900.html
http://aiwolf.org/contest/201905241900.html
0
5540
C:\Users\yudon\OneDrive\デスクトップ\ComGetter64\新規ページ.files\201905242000.html
http://aiwolf.org/contest/201905242000.html
0
5540
C:\Users\yudon\OneDrive\デスクトップ\ComGetter64\新規ページ.files\201905242100.html
http://aiwolf.org/contest/201905242100.html
0
5540
C:\Users\yudon\OneDrive\デスクトップ\ComGetter64\新規ページ.files\201905242200.html
http://aiwolf.org/contest/201905242200.html
0
5540
C:\Users\yudon\OneDrive\デスクトップ\ComGetter64\新規ページ.files\201905242300.html
http://aiwolf.org/contest/201905242300.html
0
5780
C:\Users\yudon\OneDrive\デスクトップ\ComGetter64\新規ページ.files\201905230222.html
http://aiwolf.org/contest/201905230222.html
0
3516
C:\Users\yudon\OneDrive\デスクトップ\ComGetter64\新規ページ.files\201905230300.html
http://aiwolf.org/contest/201905230300.html
0
3516
C:\Users\yudon\OneDrive\デスクトップ\ComGetter64\新規ページ.files\201905230515.html
http://aiwolf.org/contest/201905230515.html
0
3270
C:\Users\yudon\OneDrive\デスクトップ\ComGetter64\新規ページ.files\201905230519.html
http://aiwolf.org/contest/201905230519.html
0
3270
C:\Users\yudon\OneDrive\デスクトップ\ComGetter64\新規ページ.files\201905230542.html
http://aiwolf.org/contest/201905230542.html
0
3270
C:\Users\yudon\OneDrive\デスクトップ\ComGetter64\新規ページ.files\201905230610.html
http://aiwolf.org/contest/201905230610.html
0
3516
C:\Users\yudon\OneDrive\デスクトップ\ComGetter64\新規ページ.files\201905230627.html
http://aiwolf.org/contest/201905230627.html
0
3270
C:\Users\yudon\OneDrive\デスクトップ\ComGetter64\新規ページ.files\201905230704.html
http://aiwolf.org/contest/201905230704.html
0
3270
C:\Users\yudon\OneDrive\デスクトップ\ComGetter64\新規ページ.files\201905230708.html
http://aiwolf.org/contest/201905230708.html
0
3516
C:\Users\yudon\OneDrive\デスクトップ\ComGetter64\新規ページ.files\201905230736.html
http://aiwolf.org/contest/201905230736.html
0
3270
C:\Users\yudon\OneDrive\デスクトップ\ComGetter64\新規ページ.files\201905230821.html
http://aiwolf.org/contest/201905230821.html
0
3516
C:\Users\yudon\OneDrive\デスクトップ\ComGetter64\新規ページ.files\201905230900.html
http://aiwolf.org/contest/201905230900.html
0
3624
C:\Users\yudon\OneDrive\デスクトップ\ComGetter64\新規ページ.files\201905231000.html
http://aiwolf.org/contest/201905231000.html
0
3624
C:\Users\yudon\OneDrive\デスクトップ\ComGetter64\新規ページ.files\201905231100.html
http://aiwolf.org/contest/201905231100.html
0
3624
C:\Users\yudon\OneDrive\デスクトップ\ComGetter64\新規ページ.files\201905231200.html
http://aiwolf.org/contest/201905231200.html
0
3624
C:\Users\yudon\OneDrive\デスクトップ\ComGetter64\新規ページ.files\201905231300.html
http://aiwolf.org/contest/201905231300.html
0
3624
C:\Users\yudon\OneDrive\デスクトップ\ComGetter64\新規ページ.files\201905231400.html
http://aiwolf.org/contest/201905231400.html
0
3624
C:\Users\yudon\OneDrive\デスクトップ\ComGetter64\新規ページ.files\201905231500.html
http://aiwolf.org/contest/201905231500.html
0
3624
C:\Users\yudon\OneDrive\デスクトップ\ComGetter64\新規ページ.files\201905231600.html
http://aiwolf.org/contest/201905231600.html
0
3624
C:\Users\yudon\OneDrive\デスクトップ\ComGetter64\新規ページ.files\201905231700.html
http://aiwolf.org/contest/201905231700.html
0
3624
C:\Users\yudon\OneDrive\デスクトップ\ComGetter64\新規ページ.files\201905231800.html
http://aiwolf.org/contest/201905231800.html
0
3624
C:\Users\yudon\OneDrive\デスクトップ\ComGetter64\新規ページ.files\201905231900.html
http://aiwolf.org/contest/201905231900.html
0
3624
C:\Users\yudon\OneDrive\デスクトップ\ComGetter64\新規ページ.files\201905232000.html
http://aiwolf.org/contest/201905232000.html
0
3624
C:\Users\yudon\OneDrive\デスクトップ\ComGetter64\新規ページ.files\201905232100.html
http://aiwolf.org/contest/201905232100.html
0
3624
C:\Users\yudon\OneDrive\デスクトップ\ComGetter64\新規ページ.files\201905232200.html
http://aiwolf.org/contest/201905232200.html
0
3624
C:\Users\yudon\OneDrive\デスクトップ\ComGetter64\新規ページ.files\201905232300.html
http://aiwolf.org/contest/201905232300.html
0
3624
C:\Users\yudon\OneDrive\デスクトップ\ComGetter64\新規ページ.files\201905220100.html
http://aiwolf.org/contest/201905220100.html
0
3516
C:\Users\yudon\OneDrive\デスクトップ\ComGetter64\新規ページ.files\201905220300.html
http://aiwolf.org/contest/201905220300.html
0
3516
C:\Users\yudon\OneDrive\デスクトップ\ComGetter64\新規ページ.files\201905220900.html
http://aiwolf.org/contest/201905220900.html
0
3516
C:\Users\yudon\OneDrive\デスクトップ\ComGetter64\新規ページ.files\201905221100.html
http://aiwolf.org/contest/201905221100.html
0
3516
C:\Users\yudon\OneDrive\デスクトップ\ComGetter64\新規ページ.files\201905221700.html
http://aiwolf.org/contest/201905221700.html
0
3516
C:\Users\yudon\OneDrive\デスクトップ\ComGetter64\新規ページ.files\201905210100.html
http://aiwolf.org/contest/201905210100.html
0
3516
C:\Users\yudon\OneDrive\デスクトップ\ComGetter64\新規ページ.files\201905210300.html
http://aiwolf.org/contest/201905210300.html
0
3516
C:\Users\yudon\OneDrive\デスクトップ\ComGetter64\新規ページ.files\201905210900.html
http://aiwolf.org/contest/201905210900.html
0
3516
C:\Users\yudon\OneDrive\デスクトップ\ComGetter64\新規ページ.files\201905211100.html
http://aiwolf.org/contest/201905211100.html
0
3516
C:\Users\yudon\OneDrive\デスクトップ\ComGetter64\新規ページ.files\201905211434.html
http://aiwolf.org/contest/201905211434.html
0
2692
C:\Users\yudon\OneDrive\デスクトップ\ComGetter64\新規ページ.files\201905211441.html
http://aiwolf.org/contest/201905211441.html
0
2692
C:\Users\yudon\OneDrive\デスクトップ\ComGetter64\新規ページ.files\201905211447.html
http://aiwolf.org/contest/201905211447.html
0
2926
C:\Users\yudon\OneDrive\デスクトップ\ComGetter64\新規ページ.files\201905211454.html
http://aiwolf.org/contest/201905211454.html
0
2926
C:\Users\yudon\OneDrive\デスクトップ\ComGetter64\新規ページ.files\201905211512.html
http://aiwolf.org/contest/201905211512.html
0
2926
C:\Users\yudon\OneDrive\デスクトップ\ComGetter64\新規ページ.files\201905211539.html
http://aiwolf.org/contest/201905211539.html
0
3270
C:\Users\yudon\OneDrive\デスクトップ\ComGetter64\新規ページ.files\201905211541.html
http://aiwolf.org/contest/201905211541.html
0
3270
C:\Users\yudon\OneDrive\デスクトップ\ComGetter64\新規ページ.files\201905211700.html
http://aiwolf.org/contest/201905211700.html
0
3516
C:\Users\yudon\OneDrive\デスクトップ\ComGetter64\新規ページ.files\201905211900.html
http://aiwolf.org/contest/201905211900.html
0
3516
C:\Users\yudon\OneDrive\デスクトップ\ComGetter64\新規ページ.files\201905200100.html
http://aiwolf.org/contest/201905200100.html
0
3516
C:\Users\yudon\OneDrive\デスクトップ\ComGetter64\新規ページ.files\201905200300.html
http://aiwolf.org/contest/201905200300.html
0
3516
C:\Users\yudon\OneDrive\デスクトップ\ComGetter64\新規ページ.files\201905200900.html
http://aiwolf.org/contest/201905200900.html
0
3516
C:\Users\yudon\OneDrive\デスクトップ\ComGetter64\新規ページ.files\201905201100.html
http://aiwolf.org/contest/201905201100.html
0
3516
C:\Users\yudon\OneDrive\デスクトップ\ComGetter64\新規ページ.files\201905201700.html
http://aiwolf.org/contest/201905201700.html
0
3516
C:\Users\yudon\OneDrive\デスクトップ\ComGetter64\新規ページ.files\201905201900.html
http://aiwolf.org/contest/201905201900.html
0
3516
C:\Users\yudon\OneDrive\デスクトップ\ComGetter64\新規ページ.files\201905190100.html
http://aiwolf.org/contest/201905190100.html
0
3506
C:\Users\yudon\OneDrive\デスクトップ\ComGetter64\新規ページ.files\201905190300.html
http://aiwolf.org/contest/201905190300.html
0
3506
C:\Users\yudon\OneDrive\デスクトップ\ComGetter64\新規ページ.files\201905190900.html
http://aiwolf.org/contest/201905190900.html
0
3282
C:\Users\yudon\OneDrive\デスクトップ\ComGetter64\新規ページ.files\201905191100.html
http://aiwolf.org/contest/201905191100.html
0
3516
C:\Users\yudon\OneDrive\デスクトップ\ComGetter64\新規ページ.files\201905191700.html
http://aiwolf.org/contest/201905191700.html
0
3516
C:\Users\yudon\OneDrive\デスクトップ\ComGetter64\新規ページ.files\201905191900.html
http://aiwolf.org/contest/201905191900.html
0
3516
C:\Users\yudon\OneDrive\デスクトップ\ComGetter64\新規ページ.files\201905180900.html
http://aiwolf.org/contest/201905180900.html
0
3506
C:\Users\yudon\OneDrive\デスクトップ\ComGetter64\新規ページ.files\201905181100.html
http://aiwolf.org/contest/201905181100.html
0
3506
C:\Users\yudon\OneDrive\デスクトップ\ComGetter64\新規ページ.files\201905181700.html
http://aiwolf.org/contest/201905181700.html
0
3506
C:\Users\yudon\OneDrive\デスクトップ\ComGetter64\新規ページ.files\201905181900.html
http://aiwolf.org/contest/201905181900.html
0
3506
C:\Users\yudon\OneDrive\デスクトップ\ComGetter64\新規ページ.files\201905170000.html
http://aiwolf.org/contest/201905170000.html
0
3506
C:\Users\yudon\OneDrive\デスクトップ\ComGetter64\新規ページ.files\201905170200.html
http://aiwolf.org/contest/201905170200.html
0
3506
C:\Users\yudon\OneDrive\デスクトップ\ComGetter64\新規ページ.files\201905170800.html
http://aiwolf.org/contest/201905170800.html
0
3506
C:\Users\yudon\OneDrive\デスクトップ\ComGetter64\新規ページ.files\201905171000.html
http://aiwolf.org/contest/201905171000.html
0
3506
C:\Users\yudon\OneDrive\デスクトップ\ComGetter64\新規ページ.files\201905171600.html
http://aiwolf.org/contest/201905171600.html
0
3506
C:\Users\yudon\OneDrive\デスクトップ\ComGetter64\新規ページ.files\201905160000.html
http://aiwolf.org/contest/201905160000.html
0
3506
C:\Users\yudon\OneDrive\デスクトップ\ComGetter64\新規ページ.files\201905160200.html
http://aiwolf.org/contest/201905160200.html
0
3506
C:\Users\yudon\OneDrive\デスクトップ\ComGetter64\新規ページ.files\201905160800.html
http://aiwolf.org/contest/201905160800.html
0
3506
C:\Users\yudon\OneDrive\デスクトップ\ComGetter64\新規ページ.files\201905161000.html
http://aiwolf.org/contest/201905161000.html
0
3506
C:\Users\yudon\OneDrive\デスクトップ\ComGetter64\新規ページ.files\201905161615.html
http://aiwolf.org/contest/201905161615.html
0
3506
C:\Users\yudon\OneDrive\デスクトップ\ComGetter64\新規ページ.files\201905161800.html
http://aiwolf.org/contest/201905161800.html
0
3506
C:\Users\yudon\OneDrive\デスクトップ\ComGetter64\新規ページ.files\201905150000.html
http://aiwolf.org/contest/201905150000.html
0
3506
C:\Users\yudon\OneDrive\デスクトップ\ComGetter64\新規ページ.files\201905150200.html
http://aiwolf.org/contest/201905150200.html
0
3506
C:\Users\yudon\OneDrive\デスクトップ\ComGetter64\新規ページ.files\201905150800.html
http://aiwolf.org/contest/201905150800.html
0
3506
C:\Users\yudon\OneDrive\デスクトップ\ComGetter64\新規ページ.files\201905151000.html
http://aiwolf.org/contest/201905151000.html
0
3506
C:\Users\yudon\OneDrive\デスクトップ\ComGetter64\新規ページ.files\201905151611.html
http://aiwolf.org/contest/201905151611.html
0
3506
C:\Users\yudon\OneDrive\デスクトップ\ComGetter64\新規ページ.files\201905151800.html
http://aiwolf.org/contest/201905151800.html
0
3506
C:\Users\yudon\OneDrive\デスクトップ\ComGetter64\新規ページ.files\201905140000.html
http://aiwolf.org/contest/201905140000.html
0
3506
C:\Users\yudon\OneDrive\デスクトップ\ComGetter64\新規ページ.files\201905140200.html
http://aiwolf.org/contest/201905140200.html
0
3506
C:\Users\yudon\OneDrive\デスクトップ\ComGetter64\新規ページ.files\201905140800.html
http://aiwolf.org/contest/201905140800.html
0
3506
C:\Users\yudon\OneDrive\デスクトップ\ComGetter64\新規ページ.files\201905141000.html
http://aiwolf.org/contest/201905141000.html
0
3506
C:\Users\yudon\OneDrive\デスクトップ\ComGetter64\新規ページ.files\201905141600.html
http://aiwolf.org/contest/201905141600.html
0
3506
C:\Users\yudon\OneDrive\デスクトップ\ComGetter64\新規ページ.files\201905141800.html
http://aiwolf.org/contest/201905141800.html
0
3506
C:\Users\yudon\OneDrive\デスクトップ\ComGetter64\新規ページ.files\201905130000.html
http://aiwolf.org/contest/201905130000.html
0
3270
C:\Users\yudon\OneDrive\デスクトップ\ComGetter64\新規ページ.files\201905130200.html
http://aiwolf.org/contest/201905130200.html
0
3270
C:\Users\yudon\OneDrive\デスクトップ\ComGetter64\新規ページ.files\201905130800.html
http://aiwolf.org/contest/201905130800.html
0
3270
C:\Users\yudon\OneDrive\デスクトップ\ComGetter64\新規ページ.files\201905131000.html
http://aiwolf.org/contest/201905131000.html
0
3270
C:\Users\yudon\OneDrive\デスクトップ\ComGetter64\新規ページ.files\201905131600.html
http://aiwolf.org/contest/201905131600.html
0
3506
C:\Users\yudon\OneDrive\デスクトップ\ComGetter64\新規ページ.files\201905131800.html
http://aiwolf.org/contest/201905131800.html
0
3506
C:\Users\yudon\OneDrive\デスクトップ\ComGetter64\新規ページ.files\201905120000.html
http://aiwolf.org/contest/201905120000.html
0
3270
C:\Users\yudon\OneDrive\デスクトップ\ComGetter64\新規ページ.files\201905120200.html
http://aiwolf.org/contest/201905120200.html
0
3270
C:\Users\yudon\OneDrive\デスクトップ\ComGetter64\新規ページ.files\201905120800.html
http://aiwolf.org/contest/201905120800.html
0
3270
C:\Users\yudon\OneDrive\デスクトップ\ComGetter64\新規ページ.files\201905121000.html
http://aiwolf.org/contest/201905121000.html
0
3270
C:\Users\yudon\OneDrive\デスクトップ\ComGetter64\新規ページ.files\201905121600.html
http://aiwolf.org/contest/201905121600.html
0
3270
C:\Users\yudon\OneDrive\デスクトップ\ComGetter64\新規ページ.files\201905121800.html
http://aiwolf.org/contest/201905121800.html
0
3270
C:\Users\yudon\OneDrive\デスクトップ\ComGetter64\新規ページ.files\201905110000.html
http://aiwolf.org/contest/201905110000.html
0
3270
C:\Users\yudon\OneDrive\デスクトップ\ComGetter64\新規ページ.files\201905110200.html
http://aiwolf.org/contest/201905110200.html
0
3270
C:\Users\yudon\OneDrive\デスクトップ\ComGetter64\新規ページ.files\201905110800.html
http://aiwolf.org/contest/201905110800.html
0
3270
C:\Users\yudon\OneDrive\デスクトップ\ComGetter64\新規ページ.files\201905111000.html
http://aiwolf.org/contest/201905111000.html
0
3270
C:\Users\yudon\OneDrive\デスクトップ\ComGetter64\新規ページ.files\201905111600.html
http://aiwolf.org/contest/201905111600.html
0
3270
C:\Users\yudon\OneDrive\デスクトップ\ComGetter64\新規ページ.files\201905111800.html
http://aiwolf.org/contest/201905111800.html
0
3270
C:\Users\yudon\OneDrive\デスクトップ\ComGetter64\新規ページ.files\201905100100.html
http://aiwolf.org/contest/201905100100.html
0
3270
C:\Users\yudon\OneDrive\デスクトップ\ComGetter64\新規ページ.files\201905100300.html
http://aiwolf.org/contest/201905100300.html
0
3270
C:\Users\yudon\OneDrive\デスクトップ\ComGetter64\新規ページ.files\201905100800.html
http://aiwolf.org/contest/201905100800.html
0
3270
C:\Users\yudon\OneDrive\デスクトップ\ComGetter64\新規ページ.files\201905100900.html
http://aiwolf.org/contest/201905100900.html
0
3270
C:\Users\yudon\OneDrive\デスクトップ\ComGetter64\新規ページ.files\201905101000.html
http://aiwolf.org/contest/201905101000.html
0
3270
C:\Users\yudon\OneDrive\デスクトップ\ComGetter64\新規ページ.files\201905101100.html
http://aiwolf.org/contest/201905101100.html
0
3270
C:\Users\yudon\OneDrive\デスクトップ\ComGetter64\新規ページ.files\201905101600.html
http://aiwolf.org/contest/201905101600.html
0
3270
C:\Users\yudon\OneDrive\デスクトップ\ComGetter64\新規ページ.files\201905101800.html
http://aiwolf.org/contest/201905101800.html
0
3270
C:\Users\yudon\OneDrive\デスクトップ\ComGetter64\新規ページ.files\201905090100.html
http://aiwolf.org/contest/201905090100.html
0
3270
C:\Users\yudon\OneDrive\デスクトップ\ComGetter64\新規ページ.files\201905090300.html
http://aiwolf.org/contest/201905090300.html
0
3270
C:\Users\yudon\OneDrive\デスクトップ\ComGetter64\新規ページ.files\201905090900.html
http://aiwolf.org/contest/201905090900.html
0
3270
C:\Users\yudon\OneDrive\デスクトップ\ComGetter64\新規ページ.files\201905091100.html
http://aiwolf.org/contest/201905091100.html
0
3270
C:\Users\yudon\OneDrive\デスクトップ\ComGetter64\新規ページ.files\201905091700.html
http://aiwolf.org/contest/201905091700.html
0
3270
C:\Users\yudon\OneDrive\デスクトップ\ComGetter64\新規ページ.files\201905091900.html
http://aiwolf.org/contest/201905091900.html
0
3270
C:\Users\yudon\OneDrive\デスクトップ\ComGetter64\新規ページ.files\201905080100.html
http://aiwolf.org/contest/201905080100.html
0
3270
C:\Users\yudon\OneDrive\デスクトップ\ComGetter64\新規ページ.files\201905080300.html
http://aiwolf.org/contest/201905080300.html
0
3270
C:\Users\yudon\OneDrive\デスクトップ\ComGetter64\新規ページ.files\201905070100.html
http://aiwolf.org/contest/201905070100.html
0
3270
C:\Users\yudon\OneDrive\デスクトップ\ComGetter64\新規ページ.files\201905070300.html
http://aiwolf.org/contest/201905070300.html
0
3270
C:\Users\yudon\OneDrive\デスクトップ\ComGetter64\新規ページ.files\201905060100.html
http://aiwolf.org/contest/201905060100.html
0
3270
C:\Users\yudon\OneDrive\デスクトップ\ComGetter64\新規ページ.files\201905060300.html
http://aiwolf.org/contest/201905060300.html
0
3270
C:\Users\yudon\OneDrive\デスクトップ\ComGetter64\新規ページ.files\201905040100.html
http://aiwolf.org/contest/201905040100.html
0
3270
C:\Users\yudon\OneDrive\デスクトップ\ComGetter64\新規ページ.files\201905030100.html
http://aiwolf.org/contest/201905030100.html
0
3270
C:\Users\yudon\OneDrive\デスクトップ\ComGetter64\新規ページ.files\201905030300.html
http://aiwolf.org/contest/201905030300.html
0
3270
C:\Users\yudon\OneDrive\デスクトップ\ComGetter64\新規ページ.files\201905020100.html
http://aiwolf.org/contest/201905020100.html
0
3270
C:\Users\yudon\OneDrive\デスクトップ\ComGetter64\新規ページ.files\201905020300.html
http://aiwolf.org/contest/201905020300.html
0
3270
C:\Users\yudon\OneDrive\デスクトップ\ComGetter64\新規ページ.files\201905010100.html
http://aiwolf.org/contest/201905010100.html
0
3270
C:\Users\yudon\OneDrive\デスクトップ\ComGetter64\新規ページ.files\201905010300.html
http://aiwolf.org/contest/201905010300.html
0
3270
C:\Users\yudon\OneDrive\デスクトップ\ComGetter64\新規ページ.files\201904300100.html
http://aiwolf.org/contest/201904300100.html
0
3270
C:\Users\yudon\OneDrive\デスクトップ\ComGetter64\新規ページ.files\201904300300.html
http://aiwolf.org/contest/201904300300.html
0
3270
C:\Users\yudon\OneDrive\デスクトップ\ComGetter64\新規ページ.files\201904290100.html
http://aiwolf.org/contest/201904290100.html
0
3270
C:\Users\yudon\OneDrive\デスクトップ\ComGetter64\新規ページ.files\201904290300.html
http://aiwolf.org/contest/201904290300.html
0
3270
C:\Users\yudon\OneDrive\デスクトップ\ComGetter64\新規ページ.files\201904280100.html
http://aiwolf.org/contest/201904280100.html
0
3270
C:\Users\yudon\OneDrive\デスクトップ\ComGetter64\新規ページ.files\201904280300.html
http://aiwolf.org/contest/201904280300.html
0
3270
C:\Users\yudon\OneDrive\デスクトップ\ComGetter64\新規ページ.files\201904280500.html
http://aiwolf.org/contest/201904280500.html
0
3270
C:\Users\yudon\OneDrive\デスクトップ\ComGetter64\新規ページ.files\201904280700.html
http://aiwolf.org/contest/201904280700.html
0
3270
C:\Users\yudon\OneDrive\デスクトップ\ComGetter64\新規ページ.files\201904280900.html
http://aiwolf.org/contest/201904280900.html
0
3270
C:\Users\yudon\OneDrive\デスクトップ\ComGetter64\新規ページ.files\201904281100.html
http://aiwolf.org/contest/201904281100.html
0
3270
C:\Users\yudon\OneDrive\デスクトップ\ComGetter64\新規ページ.files\201904281300.html
http://aiwolf.org/contest/201904281300.html
0
3270
C:\Users\yudon\OneDrive\デスクトップ\ComGetter64\新規ページ.files\index.html
http://aiwolf.org/contest/
0
41362
